{"/home/rudra/Desktop/college/testin_class/testing_project/src/functions/add.js": {"path":"/home/rudra/Desktop/college/testin_class/testing_project/src/functions/add.js","statementMap":{"0":{"start":{"line":1,"column":12},"end":{"line":3,"column":1}},"1":{"start":{"line":2,"column":4},"end":{"line":2,"column":17}},"2":{"start":{"line":5,"column":0},"end":{"line":5,"column":21}}},"fnMap":{"0":{"name":"(anonymous_0)","decl":{"start":{"line":1,"column":12},"end":{"line":1,"column":13}},"loc":{"start":{"line":1,"column":22},"end":{"line":3,"column":1}},"line":1}},"branchMap":{},"s":{"0":1,"1":1,"2":1},"f":{"0":1},"b":{},"_coverageSchema":"1a1c01bbd47fc00a2c39e90264f33305004495a9","hash":"42a0833f720b5bdbb6669ebaffc5583bfcbac2b3"}
,"/home/rudra/Desktop/college/testin_class/testing_project/src/functions/apiData.js": {"path":"/home/rudra/Desktop/college/testin_class/testing_project/src/functions/apiData.js","statementMap":{"0":{"start":{"line":2,"column":19},"end":{"line":2,"column":35}},"1":{"start":{"line":4,"column":2},"end":{"line":6,"column":3}},"2":{"start":{"line":5,"column":4},"end":{"line":5,"column":52}},"3":{"start":{"line":8,"column":15},"end":{"line":8,"column":30}},"4":{"start":{"line":9,"column":2},"end":{"line":9,"column":14}},"5":{"start":{"line":12,"column":0},"end":{"line":12,"column":31}}},"fnMap":{"0":{"name":"fetchData","decl":{"start":{"line":1,"column":15},"end":{"line":1,"column":24}},"loc":{"start":{"line":1,"column":30},"end":{"line":10,"column":1}},"line":1}},"branchMap":{"0":{"loc":{"start":{"line":4,"column":2},"end":{"line":6,"column":3}},"type":"if","locations":[{"start":{"line":4,"column":2},"end":{"line":6,"column":3}},{"start":{},"end":{}}],"line":4}},"s":{"0":2,"1":2,"2":1,"3":1,"4":1,"5":1},"f":{"0":2},"b":{"0":[1,1]},"_coverageSchema":"1a1c01bbd47fc00a2c39e90264f33305004495a9","hash":"dee00ac76303f95409fb7b84b9187128db8011a2"}
}
